# JRE version: Java(TM) SE Runtime Environment (17.0.9+11) (build 17.0.9+11-LTS-201)
# Java VM: Java HotSpot(TM) 64-Bit Server VM (17.0.9+11-LTS-201, mixed mode, sharing, tiered, compressed oops, compressed class ptrs, g1 gc, windows-amd64)
GC Precious Log:
 CPUs: 16 total, 16 available
 Memory: 16126M
 Large Page Support: Disabled
 NUMA Support: Disabled
 Compressed Oops: Enabled (Zero based)
 Heap Region Size: 2M
 Heap Min Capacity: 8M
 Heap Initial Capacity: 252M
 Heap Max Capacity: 3G
 Pre-touch: Disabled
 Parallel Workers: 13
 Concurrent Workers: 3
 Concurrent Refinement Workers: 13
 Periodic GC: Disabled
Heap:
 garbage-first heap   total 372736K, used 255846K [0x0000000740000000, 0x0000000800000000)
  region size 2048K, 3 young (6144K), 3 survivors (6144K)
 Metaspace       used 70127K, committed 70848K, reserved 1114112K
  class space    used 9559K, committed 9856K, reserved 1048576K
GC Heap History (20 events):
Event: 23.069 GC heap after
{Heap after GC invocations=26 (full 0):
 garbage-first heap   total 126976K, used 49480K [0x0000000740000000, 0x0000000800000000)
  region size 2048K, 1 young (2048K), 1 survivors (2048K)
 Metaspace       used 64574K, committed 65088K, reserved 1114112K
  class space    used 8855K, committed 9088K, reserved 1048576K
}
Event: 23.307 GC heap before
{Heap before GC invocations=26 (full 0):
 garbage-first heap   total 126976K, used 100680K [0x0000000740000000, 0x0000000800000000)
  region size 2048K, 26 young (53248K), 1 survivors (2048K)
 Metaspace       used 65849K, committed 66368K, reserved 1114112K
  class space    used 9039K, committed 9280K, reserved 1048576K
}
Event: 23.310 GC heap after
{Heap after GC invocations=27 (full 0):
 garbage-first heap   total 126976K, used 53402K [0x0000000740000000, 0x0000000800000000)
  region size 2048K, 3 young (6144K), 3 survivors (6144K)
 Metaspace       used 65849K, committed 66368K, reserved 1114112K
  class space    used 9039K, committed 9280K, reserved 1048576K
}
Event: 23.852 GC heap before
{Heap before GC invocations=27 (full 0):
 garbage-first heap   total 126976K, used 92314K [0x0000000740000000, 0x0000000800000000)
  region size 2048K, 19 young (38912K), 3 survivors (6144K)
 Metaspace       used 68587K, committed 69184K, reserved 1114112K
  class space    used 9459K, committed 9792K, reserved 1048576K
}
Event: 23.855 GC heap after
{Heap after GC invocations=28 (full 0):
 garbage-first heap   total 126976K, used 55858K [0x0000000740000000, 0x0000000800000000)
  region size 2048K, 2 young (4096K), 2 survivors (4096K)
 Metaspace       used 68587K, committed 69184K, reserved 1114112K
  class space    used 9459K, committed 9792K, reserved 1048576K
}
Event: 23.859 GC heap before
{Heap before GC invocations=28 (full 0):
 garbage-first heap   total 126976K, used 57906K [0x0000000740000000, 0x0000000800000000)
  region size 2048K, 3 young (6144K), 2 survivors (4096K)
 Metaspace       used 68590K, committed 69184K, reserved 1114112K
  class space    used 9459K, committed 9792K, reserved 1048576K
}
Event: 23.860 GC heap after
{Heap after GC invocations=29 (full 0):
 garbage-first heap   total 126976K, used 55701K [0x0000000740000000, 0x0000000800000000)
  region size 2048K, 2 young (4096K), 2 survivors (4096K)
 Metaspace       used 68590K, committed 69184K, reserved 1114112K
  class space    used 9459K, committed 9792K, reserved 1048576K
}
Event: 23.864 GC heap before
{Heap before GC invocations=29 (full 0):
 garbage-first heap   total 126976K, used 57749K [0x0000000740000000, 0x0000000800000000)
  region size 2048K, 3 young (6144K), 2 survivors (4096K)
 Metaspace       used 68606K, committed 69248K, reserved 1114112K
  class space    used 9461K, committed 9792K, reserved 1048576K
}
Event: 23.865 GC heap after
{Heap after GC invocations=30 (full 0):
 garbage-first heap   total 253952K, used 55694K [0x0000000740000000, 0x0000000800000000)
  region size 2048K, 2 young (4096K), 2 survivors (4096K)
 Metaspace       used 68606K, committed 69248K, reserved 1114112K
  class space    used 9461K, committed 9792K, reserved 1048576K
}
Event: 24.069 GC heap before
{Heap before GC invocations=30 (full 0):
 garbage-first heap   total 253952K, used 172430K [0x0000000740000000, 0x0000000800000000)
  region size 2048K, 34 young (69632K), 2 survivors (4096K)
 Metaspace       used 69512K, committed 70080K, reserved 1114112K
  class space    used 9513K, committed 9792K, reserved 1048576K
}
Event: 24.072 GC heap after
{Heap after GC invocations=31 (full 0):
 garbage-first heap   total 253952K, used 57210K [0x0000000740000000, 0x0000000800000000)
  region size 2048K, 2 young (4096K), 2 survivors (4096K)
 Metaspace       used 69512K, committed 70080K, reserved 1114112K
  class space    used 9513K, committed 9792K, reserved 1048576K
}
Event: 24.317 GC heap before
{Heap before GC invocations=31 (full 0):
 garbage-first heap   total 253952K, used 235386K [0x0000000740000000, 0x0000000800000000)
  region size 2048K, 64 young (131072K), 2 survivors (4096K)
 Metaspace       used 69995K, committed 70592K, reserved 1114112K
  class space    used 9578K, committed 9856K, reserved 1048576K
}
Event: 24.348 GC heap after
{Heap after GC invocations=32 (full 0):
 garbage-first heap   total 323584K, used 142465K [0x0000000740000000, 0x0000000800000000)
  region size 2048K, 10 young (20480K), 10 survivors (20480K)
 Metaspace       used 69995K, committed 70592K, reserved 1114112K
  class space    used 9578K, committed 9856K, reserved 1048576K
}
Event: 24.443 GC heap before
{Heap before GC invocations=32 (full 0):
 garbage-first heap   total 323584K, used 218241K [0x0000000740000000, 0x0000000800000000)
  region size 2048K, 37 young (75776K), 10 survivors (20480K)
 Metaspace       used 70195K, committed 70784K, reserved 1114112K
  class space    used 9591K, committed 9856K, reserved 1048576K
}
Event: 24.462 GC heap after
{Heap after GC invocations=33 (full 0):
 garbage-first heap   total 323584K, used 172588K [0x0000000740000000, 0x0000000800000000)
  region size 2048K, 7 young (14336K), 7 survivors (14336K)
 Metaspace       used 70195K, committed 70784K, reserved 1114112K
  class space    used 9591K, committed 9856K, reserved 1048576K
}
Event: 24.607 GC heap before
{Heap before GC invocations=34 (full 0):
 garbage-first heap   total 372736K, used 268844K [0x0000000740000000, 0x0000000800000000)
  region size 2048K, 33 young (67584K), 7 survivors (14336K)
 Metaspace       used 70127K, committed 70848K, reserved 1114112K
  class space    used 9559K, committed 9856K, reserved 1048576K
}
Event: 24.623 GC heap after
{Heap after GC invocations=35 (full 0):
 garbage-first heap   total 372736K, used 218728K [0x0000000740000000, 0x0000000800000000)
  region size 2048K, 5 young (10240K), 5 survivors (10240K)
 Metaspace       used 70127K, committed 70848K, reserved 1114112K
  class space    used 9559K, committed 9856K, reserved 1048576K
}
Event: 24.627 GC heap before
{Heap before GC invocations=35 (full 0):
 garbage-first heap   total 372736K, used 226920K [0x0000000740000000, 0x0000000800000000)
  region size 2048K, 9 young (18432K), 5 survivors (10240K)
 Metaspace       used 70127K, committed 70848K, reserved 1114112K
  class space    used 9559K, committed 9856K, reserved 1048576K
}
Event: 24.633 GC heap after
{Heap after GC invocations=36 (full 0):
 garbage-first heap   total 372736K, used 226376K [0x0000000740000000, 0x0000000800000000)
  region size 2048K, 2 young (4096K), 2 survivors (4096K)
 Metaspace       used 70127K, committed 70848K, reserved 1114112K
  class space    used 9559K, committed 9856K, reserved 1048576K
}
Event: 24.645 GC heap before
{Heap before GC invocations=36 (full 0):
 garbage-first heap   total 372736K, used 269384K [0x0000000740000000, 0x0000000800000000)
  region size 2048K, 23 young (47104K), 2 survivors (4096K)
 Metaspace       used 70127K, committed 70848K, reserved 1114112K
  class space    used 9559K, committed 9856K, reserved 1048576K
}

