# JRE version: Java(TM) SE Runtime Environment (17.0.9+11) (build 17.0.9+11-LTS-201)
# Java VM: Java HotSpot(TM) 64-Bit Server VM (17.0.9+11-LTS-201, mixed mode, sharing, tiered, compressed oops, compressed class ptrs, g1 gc, windows-amd64)
GC Precious Log:
 CPUs: 16 total, 16 available
 Memory: 16126M
 Large Page Support: Disabled
 NUMA Support: Disabled
 Compressed Oops: Enabled (Zero based)
 Heap Region Size: 2M
 Heap Min Capacity: 8M
 Heap Initial Capacity: 252M
 Heap Max Capacity: 3G
 Pre-touch: Disabled
 Parallel Workers: 13
 Concurrent Workers: 3
 Concurrent Refinement Workers: 13
 Periodic GC: Disabled
Heap:
 garbage-first heap   total 362496K, used 206848K [0x0000000740000000, 0x0000000800000000)
  region size 2048K, 1 young (2048K), 1 survivors (2048K)
 Metaspace       used 58181K, committed 58688K, reserved 1114112K
  class space    used 7878K, committed 8128K, reserved 1048576K
GC Heap History (20 events):
Event: 5.674 GC heap after
{Heap after GC invocations=15 (full 0):
 garbage-first heap   total 112640K, used 48749K [0x0000000740000000, 0x0000000800000000)
  region size 2048K, 2 young (4096K), 2 survivors (4096K)
 Metaspace       used 55455K, committed 56000K, reserved 1114112K
  class space    used 7611K, committed 7872K, reserved 1048576K
}
Event: 5.720 GC heap before
{Heap before GC invocations=15 (full 0):
 garbage-first heap   total 112640K, used 52845K [0x0000000740000000, 0x0000000800000000)
  region size 2048K, 3 young (6144K), 2 survivors (4096K)
 Metaspace       used 55705K, committed 56192K, reserved 1114112K
  class space    used 7639K, committed 7872K, reserved 1048576K
}
Event: 5.722 GC heap after
{Heap after GC invocations=16 (full 0):
 garbage-first heap   total 112640K, used 48946K [0x0000000740000000, 0x0000000800000000)
  region size 2048K, 1 young (2048K), 1 survivors (2048K)
 Metaspace       used 55705K, committed 56192K, reserved 1114112K
  class space    used 7639K, committed 7872K, reserved 1048576K
}
Event: 5.741 GC heap before
{Heap before GC invocations=16 (full 0):
 garbage-first heap   total 112640K, used 53042K [0x0000000740000000, 0x0000000800000000)
  region size 2048K, 2 young (4096K), 1 survivors (2048K)
 Metaspace       used 55710K, committed 56192K, reserved 1114112K
  class space    used 7639K, committed 7872K, reserved 1048576K
}
Event: 5.743 GC heap after
{Heap after GC invocations=17 (full 0):
 garbage-first heap   total 112640K, used 48837K [0x0000000740000000, 0x0000000800000000)
  region size 2048K, 1 young (2048K), 1 survivors (2048K)
 Metaspace       used 55710K, committed 56192K, reserved 1114112K
  class space    used 7639K, committed 7872K, reserved 1048576K
}
Event: 5.747 GC heap before
{Heap before GC invocations=17 (full 0):
 garbage-first heap   total 112640K, used 50885K [0x0000000740000000, 0x0000000800000000)
  region size 2048K, 2 young (4096K), 1 survivors (2048K)
 Metaspace       used 55710K, committed 56192K, reserved 1114112K
  class space    used 7639K, committed 7872K, reserved 1048576K
}
Event: 5.748 GC heap after
{Heap after GC invocations=18 (full 0):
 garbage-first heap   total 112640K, used 48831K [0x0000000740000000, 0x0000000800000000)
  region size 2048K, 1 young (2048K), 1 survivors (2048K)
 Metaspace       used 55710K, committed 56192K, reserved 1114112K
  class space    used 7639K, committed 7872K, reserved 1048576K
}
Event: 5.752 GC heap before
{Heap before GC invocations=18 (full 0):
 garbage-first heap   total 112640K, used 50879K [0x0000000740000000, 0x0000000800000000)
  region size 2048K, 2 young (4096K), 1 survivors (2048K)
 Metaspace       used 55726K, committed 56192K, reserved 1114112K
  class space    used 7640K, committed 7872K, reserved 1048576K
}
Event: 5.754 GC heap after
{Heap after GC invocations=19 (full 0):
 garbage-first heap   total 225280K, used 48826K [0x0000000740000000, 0x0000000800000000)
  region size 2048K, 1 young (2048K), 1 survivors (2048K)
 Metaspace       used 55726K, committed 56192K, reserved 1114112K
  class space    used 7640K, committed 7872K, reserved 1048576K
}
Event: 5.998 GC heap before
{Heap before GC invocations=19 (full 0):
 garbage-first heap   total 225280K, used 181946K [0x0000000740000000, 0x0000000800000000)
  region size 2048K, 43 young (88064K), 1 survivors (2048K)
 Metaspace       used 57455K, committed 57920K, reserved 1114112K
  class space    used 7794K, committed 8000K, reserved 1048576K
}
Event: 6.000 GC heap after
{Heap after GC invocations=20 (full 0):
 garbage-first heap   total 225280K, used 50386K [0x0000000740000000, 0x0000000800000000)
  region size 2048K, 2 young (4096K), 2 survivors (4096K)
 Metaspace       used 57455K, committed 57920K, reserved 1114112K
  class space    used 7794K, committed 8000K, reserved 1048576K
}
Event: 6.093 GC heap before
{Heap before GC invocations=20 (full 0):
 garbage-first heap   total 225280K, used 107730K [0x0000000740000000, 0x0000000800000000)
  region size 2048K, 6 young (12288K), 2 survivors (4096K)
 Metaspace       used 57815K, committed 58304K, reserved 1114112K
  class space    used 7852K, committed 8064K, reserved 1048576K
}
Event: 6.096 GC heap after
{Heap after GC invocations=21 (full 0):
 garbage-first heap   total 225280K, used 64085K [0x0000000740000000, 0x0000000800000000)
  region size 2048K, 3 young (6144K), 3 survivors (6144K)
 Metaspace       used 57815K, committed 58304K, reserved 1114112K
  class space    used 7852K, committed 8064K, reserved 1048576K
}
Event: 6.211 GC heap before
{Heap before GC invocations=21 (full 0):
 garbage-first heap   total 225280K, used 186965K [0x0000000740000000, 0x0000000800000000)
  region size 2048K, 61 young (124928K), 3 survivors (6144K)
 Metaspace       used 57934K, committed 58368K, reserved 1114112K
  class space    used 7864K, committed 8064K, reserved 1048576K
}
Event: 6.241 GC heap after
{Heap after GC invocations=22 (full 0):
 garbage-first heap   total 276480K, used 137350K [0x0000000740000000, 0x0000000800000000)
  region size 2048K, 8 young (16384K), 8 survivors (16384K)
 Metaspace       used 57934K, committed 58368K, reserved 1114112K
  class space    used 7864K, committed 8064K, reserved 1048576K
}
Event: 6.303 GC heap before
{Heap before GC invocations=22 (full 0):
 garbage-first heap   total 276480K, used 184454K [0x0000000740000000, 0x0000000800000000)
  region size 2048K, 32 young (65536K), 8 survivors (16384K)
 Metaspace       used 58037K, committed 58560K, reserved 1114112K
  class space    used 7877K, committed 8128K, reserved 1048576K
}
Event: 6.322 GC heap after
{Heap after GC invocations=23 (full 0):
 garbage-first heap   total 276480K, used 164048K [0x0000000740000000, 0x0000000800000000)
  region size 2048K, 5 young (10240K), 5 survivors (10240K)
 Metaspace       used 58037K, committed 58560K, reserved 1114112K
  class space    used 7877K, committed 8128K, reserved 1048576K
}
Event: 6.451 GC heap before
{Heap before GC invocations=24 (full 0):
 garbage-first heap   total 362496K, used 266448K [0x0000000740000000, 0x0000000800000000)
  region size 2048K, 23 young (47104K), 5 survivors (10240K)
 Metaspace       used 58181K, committed 58688K, reserved 1114112K
  class space    used 7878K, committed 8128K, reserved 1048576K
}
Event: 6.464 GC heap after
{Heap after GC invocations=25 (full 0):
 garbage-first heap   total 362496K, used 197992K [0x0000000740000000, 0x0000000800000000)
  region size 2048K, 3 young (6144K), 3 survivors (6144K)
 Metaspace       used 58181K, committed 58688K, reserved 1114112K
  class space    used 7878K, committed 8128K, reserved 1048576K
}
Event: 6.468 GC heap before
{Heap before GC invocations=25 (full 0):
 garbage-first heap   total 362496K, used 208232K [0x0000000740000000, 0x0000000800000000)
  region size 2048K, 8 young (16384K), 3 survivors (6144K)
 Metaspace       used 58181K, committed 58688K, reserved 1114112K
  class space    used 7878K, committed 8128K, reserved 1048576K
}

